<?xml version="1.0" encoding="UTF-8"?>
<robot generator="Robot 4.1rc1 (Python 3.9.5 on darwin)" generated="20210922 21:08:35.154" rpa="false" schemaversion="2">
<suite id="s1" name="Get Api" source="/Users/nightman/Desktop/api_automation/testCases/get_api.robot">
<test id="s1-t1" name="TC1 Get Request">
<kw name="Create Session" library="RequestsLibrary">
<arg>mysesion</arg>
<arg>http://localhost:3000/</arg>
<doc>Create Session: create a HTTP session to a server</doc>
<msg timestamp="20210922 21:08:35.279" level="INFO">Creating Session using : alias=mysesion, url=http://localhost:3000/, headers={},                     cookies={}, auth=None, timeout=None, proxies=None, verify=False,                     debug=0 </msg>
<status status="PASS" starttime="20210922 21:08:35.279" endtime="20210922 21:08:35.279"/>
</kw>
<kw name="Get On Session" library="RequestsLibrary">
<var>${resp}</var>
<arg>mysesion</arg>
<arg>company</arg>
<doc>Sends a GET request on a previously created HTTP Session.</doc>
<msg timestamp="20210922 21:08:35.301" level="INFO">GET Request : url=http://localhost:3000/company 
 path_url=/company 
 headers={'User-Agent': 'python-requests/2.25.1', 'Accept-Encoding': 'gzip, deflate', 'Accept': '*/*', 'Connection': 'keep-alive'} 
 body=None 
 </msg>
<msg timestamp="20210922 21:08:35.301" level="INFO">GET Response : url=http://localhost:3000/company 
 status=200, reason=OK 
 headers={'X-Powered-By': 'Express', 'Vary': 'Origin, Accept-Encoding', 'Access-Control-Allow-Credentials': 'true', 'Cache-Control': 'no-cache', 'Pragma': 'no-cache', 'Expires': '-1', 'X-Content-Type-Options': 'nosniff', 'Content-Type': 'application/json; charset=utf-8', 'ETag': 'W/"617-9q1qVFD8bBvylVpaQBkd8aZn+7M"', 'Content-Encoding': 'gzip', 'Date': 'Wed, 22 Sep 2021 14:08:35 GMT', 'Connection': 'keep-alive', 'Keep-Alive': 'timeout=5', 'Transfer-Encoding': 'chunked'} 
 body=[
  {
    "name": "the myth3",
    "location": "OKay",
    "id": 8
  },
  {
    "name": "Friend",
    "location": "USA",
    "id": 9
  },
  {
    "name": "Hello",
    "location": "Koh Pich",
    "id": 10
  },
  {
    "name": "Friend",
    "location": "USA",
    "id": 11
  },
  {
    "name": "Hello",
    "location": "Koh Pich",
    "id": 12
  },
  {
    "name": "Hello",
    "location": "Koh Pich",
    "id": 13
  },
  {
    "name": "Hellooo",
    "location": "CCC",
    "id": 14
  },
  {
    "name": "Mytest",
    "location": "KOM POT",
    "id": 15
  },
  {
    "name": "Worker",
    "location": "PP",
    "id": 16
  },
  {
    "name": "Worker",
    "location": "PP",
    "id": 17
  },
  {
    "name": "Test1",
    "location": "PP",
    "id": 18
  },
  {
    "name": "Test2",
    "location": "PP",
    "id": 19
  },
  {
    "name": "Test2",
    "location": "PP",
    "id": 20
  },
  {
    "name": "Test2",
    "location": "PP",
    "id": 21
  },
  {
    "name": "Chamnn",
    "location": "PP",
    "id": 22
  },
  {
    "name": "vannak KH",
    "location": "PP",
    "id": 23
  },
  [
    {
      "name": "HH",
      "location": "Koh Pich"
    },
    {
      "name": "KK",
      "location": "Koh Pich"
    },
    {
      "name": "GG",
      "location": "Koh Pich"
    }
  ],
  {
    "name": "vannak KH",
    "location": "PP",
    "id": 24
  },
  {
    "name": "vannak KH",
    "location": "PP",
    "id": 25
  },
  [
    {
      "name": "Google",
      "location": "Koh Pich"
    }
  ],
  {
    "name": "USA",
    "location": "Koh Pich",
    "id": 27
  }
] 
 </msg>
<msg timestamp="20210922 21:08:35.301" level="INFO">${resp} = &lt;Response [200]&gt;</msg>
<status status="PASS" starttime="20210922 21:08:35.280" endtime="20210922 21:08:35.301"/>
</kw>
<kw name="Log To Console" library="BuiltIn">
<arg>${resp}</arg>
<doc>Logs the given message to the console.</doc>
<status status="PASS" starttime="20210922 21:08:35.302" endtime="20210922 21:08:35.302"/>
</kw>
<kw name="Log To Console" library="BuiltIn">
<arg>${resp.content}</arg>
<doc>Logs the given message to the console.</doc>
<status status="PASS" starttime="20210922 21:08:35.302" endtime="20210922 21:08:35.303"/>
</kw>
<status status="PASS" starttime="20210922 21:08:35.279" endtime="20210922 21:08:35.304"/>
</test>
<test id="s1-t2" name="TC2 Get Request">
<kw name="Get API Request" library="keyword">
<kw name="Create Dictionary" library="BuiltIn">
<var>${headers}</var>
<arg>Accept=application/json</arg>
<arg>Content-Type=application/json</arg>
<doc>Creates and returns a dictionary based on the given ``items``.</doc>
<msg timestamp="20210922 21:08:35.305" level="INFO">${headers} = {'Accept': 'application/json', 'Content-Type': 'application/json'}</msg>
<status status="PASS" starttime="20210922 21:08:35.305" endtime="20210922 21:08:35.305"/>
</kw>
<kw name="GET Request" library="commands">
<var>${response}</var>
<arg>${base_url}</arg>
<arg>${path}</arg>
<arg>${headers}</arg>
<kw name="Create Session" library="RequestsLibrary">
<arg>mysession</arg>
<arg>${url}</arg>
<doc>Create Session: create a HTTP session to a server</doc>
<msg timestamp="20210922 21:08:35.306" level="INFO">Creating Session using : alias=mysession, url=http://localhost:3000/, headers={},                     cookies={}, auth=None, timeout=None, proxies=None, verify=False,                     debug=0 </msg>
<status status="PASS" starttime="20210922 21:08:35.306" endtime="20210922 21:08:35.306"/>
</kw>
<kw name="Get On Session" library="RequestsLibrary">
<var>${response}</var>
<arg>mysession</arg>
<arg>${url_path}</arg>
<arg>headers=${headers}</arg>
<arg>expected_status=anything</arg>
<doc>Sends a GET request on a previously created HTTP Session.</doc>
<msg timestamp="20210922 21:08:35.316" level="INFO">GET Request : url=http://localhost:3000/company 
 path_url=/company 
 headers={'User-Agent': 'python-requests/2.25.1', 'Accept-Encoding': 'gzip, deflate', 'Accept': 'application/json', 'Connection': 'keep-alive', 'Content-Type': 'application/json'} 
 body=None 
 </msg>
<msg timestamp="20210922 21:08:35.317" level="INFO">GET Response : url=http://localhost:3000/company 
 status=200, reason=OK 
 headers={'X-Powered-By': 'Express', 'Vary': 'Origin, Accept-Encoding', 'Access-Control-Allow-Credentials': 'true', 'Cache-Control': 'no-cache', 'Pragma': 'no-cache', 'Expires': '-1', 'X-Content-Type-Options': 'nosniff', 'Content-Type': 'application/json; charset=utf-8', 'ETag': 'W/"617-9q1qVFD8bBvylVpaQBkd8aZn+7M"', 'Content-Encoding': 'gzip', 'Date': 'Wed, 22 Sep 2021 14:08:35 GMT', 'Connection': 'keep-alive', 'Keep-Alive': 'timeout=5', 'Transfer-Encoding': 'chunked'} 
 body=[
  {
    "name": "the myth3",
    "location": "OKay",
    "id": 8
  },
  {
    "name": "Friend",
    "location": "USA",
    "id": 9
  },
  {
    "name": "Hello",
    "location": "Koh Pich",
    "id": 10
  },
  {
    "name": "Friend",
    "location": "USA",
    "id": 11
  },
  {
    "name": "Hello",
    "location": "Koh Pich",
    "id": 12
  },
  {
    "name": "Hello",
    "location": "Koh Pich",
    "id": 13
  },
  {
    "name": "Hellooo",
    "location": "CCC",
    "id": 14
  },
  {
    "name": "Mytest",
    "location": "KOM POT",
    "id": 15
  },
  {
    "name": "Worker",
    "location": "PP",
    "id": 16
  },
  {
    "name": "Worker",
    "location": "PP",
    "id": 17
  },
  {
    "name": "Test1",
    "location": "PP",
    "id": 18
  },
  {
    "name": "Test2",
    "location": "PP",
    "id": 19
  },
  {
    "name": "Test2",
    "location": "PP",
    "id": 20
  },
  {
    "name": "Test2",
    "location": "PP",
    "id": 21
  },
  {
    "name": "Chamnn",
    "location": "PP",
    "id": 22
  },
  {
    "name": "vannak KH",
    "location": "PP",
    "id": 23
  },
  [
    {
      "name": "HH",
      "location": "Koh Pich"
    },
    {
      "name": "KK",
      "location": "Koh Pich"
    },
    {
      "name": "GG",
      "location": "Koh Pich"
    }
  ],
  {
    "name": "vannak KH",
    "location": "PP",
    "id": 24
  },
  {
    "name": "vannak KH",
    "location": "PP",
    "id": 25
  },
  [
    {
      "name": "Google",
      "location": "Koh Pich"
    }
  ],
  {
    "name": "USA",
    "location": "Koh Pich",
    "id": 27
  }
] 
 </msg>
<msg timestamp="20210922 21:08:35.317" level="INFO">${response} = &lt;Response [200]&gt;</msg>
<status status="PASS" starttime="20210922 21:08:35.306" endtime="20210922 21:08:35.317"/>
</kw>
<kw name="Log To Console" library="BuiltIn">
<arg>${response}</arg>
<doc>Logs the given message to the console.</doc>
<status status="PASS" starttime="20210922 21:08:35.317" endtime="20210922 21:08:35.318"/>
</kw>
<msg timestamp="20210922 21:08:35.318" level="INFO">${response} = None</msg>
<status status="PASS" starttime="20210922 21:08:35.305" endtime="20210922 21:08:35.318"/>
</kw>
<status status="PASS" starttime="20210922 21:08:35.304" endtime="20210922 21:08:35.318"/>
</kw>
<status status="PASS" starttime="20210922 21:08:35.304" endtime="20210922 21:08:35.318"/>
</test>
<test id="s1-t3" name="TC3 Get API staff">
<kw name="Get Staff API Request" library="keyword">
<kw name="Create Dictionary" library="BuiltIn">
<var>${headers}</var>
<arg>Accept=application/json</arg>
<arg>Content-Type=application/json</arg>
<doc>Creates and returns a dictionary based on the given ``items``.</doc>
<msg timestamp="20210922 21:08:35.320" level="INFO">${headers} = {'Accept': 'application/json', 'Content-Type': 'application/json'}</msg>
<status status="PASS" starttime="20210922 21:08:35.320" endtime="20210922 21:08:35.320"/>
</kw>
<kw name="GET Request" library="commands">
<var>${response}</var>
<arg>${base_url}</arg>
<arg>${staff}</arg>
<arg>${headers}</arg>
<kw name="Create Session" library="RequestsLibrary">
<arg>mysession</arg>
<arg>${url}</arg>
<doc>Create Session: create a HTTP session to a server</doc>
<msg timestamp="20210922 21:08:35.321" level="INFO">Creating Session using : alias=mysession, url=http://localhost:3000/, headers={},                     cookies={}, auth=None, timeout=None, proxies=None, verify=False,                     debug=0 </msg>
<status status="PASS" starttime="20210922 21:08:35.321" endtime="20210922 21:08:35.322"/>
</kw>
<kw name="Get On Session" library="RequestsLibrary">
<var>${response}</var>
<arg>mysession</arg>
<arg>${url_path}</arg>
<arg>headers=${headers}</arg>
<arg>expected_status=anything</arg>
<doc>Sends a GET request on a previously created HTTP Session.</doc>
<msg timestamp="20210922 21:08:35.331" level="INFO">GET Request : url=http://localhost:3000/staff 
 path_url=/staff 
 headers={'User-Agent': 'python-requests/2.25.1', 'Accept-Encoding': 'gzip, deflate', 'Accept': 'application/json', 'Connection': 'keep-alive', 'Content-Type': 'application/json'} 
 body=None 
 </msg>
<msg timestamp="20210922 21:08:35.331" level="INFO">GET Response : url=http://localhost:3000/staff 
 status=200, reason=OK 
 headers={'X-Powered-By': 'Express', 'Vary': 'Origin, Accept-Encoding', 'Access-Control-Allow-Credentials': 'true', 'Cache-Control': 'no-cache', 'Pragma': 'no-cache', 'Expires': '-1', 'X-Content-Type-Options': 'nosniff', 'Content-Type': 'application/json; charset=utf-8', 'ETag': 'W/"486-lT4GZHw+zrodQBEGAXxPFYMqD5U"', 'Content-Encoding': 'gzip', 'Date': 'Wed, 22 Sep 2021 14:08:35 GMT', 'Connection': 'keep-alive', 'Keep-Alive': 'timeout=5', 'Transfer-Encoding': 'chunked'} 
 body=[
  {
    "id": 1,
    "name": "Jo",
    "phone": "0987654321"
  },
  {
    "id": 2,
    "name": "Jo",
    "phone": "0987654321"
  },
  {
    "name": "GG",
    "phone": "0987654321",
    "id": 3
  },
  {
    "name": "GG",
    "phone": "0987654321",
    "id": 4
  },
  {
    "name": "Lyly",
    "phone": "0987654321",
    "id": 5
  },
  {
    "name": "Atuy",
    "phone": "0987654321",
    "id": 6
  },
  {
    "name": "Atuy",
    "phone": "0987654321",
    "id": 7
  },
  {
    "name": "Atuy",
    "phone": "0987654321",
    "id": 8
  },
  {
    "name": "Atuy",
    "phone": "0987654321",
    "id": 9
  },
  {
    "name": "Atuy",
    "phone": "0987654321",
    "id": 10
  },
  {
    "name": "Atuy",
    "phone": "0987654321",
    "id": 11
  },
  {
    "name": "Atuy",
    "phone": "0987654321",
    "id": 12
  },
  {
    "name": "Atuy",
    "phone": "0987654321",
    "id": 13
  },
  {
    "name": "Atuy",
    "phone": "0987654321",
    "id": 14
  },
  {
    "name": "Atuy",
    "phone": "0987654321",
    "id": 15
  },
  {
    "name": "Atuy",
    "phone": "0987654321",
    "id": 16
  },
  {
    "name": "Atuy",
    "phone": "0987654321",
    "id": 17
  }
] 
 </msg>
<msg timestamp="20210922 21:08:35.331" level="INFO">${response} = &lt;Response [200]&gt;</msg>
<status status="PASS" starttime="20210922 21:08:35.322" endtime="20210922 21:08:35.331"/>
</kw>
<kw name="Log To Console" library="BuiltIn">
<arg>${response}</arg>
<doc>Logs the given message to the console.</doc>
<status status="PASS" starttime="20210922 21:08:35.331" endtime="20210922 21:08:35.332"/>
</kw>
<msg timestamp="20210922 21:08:35.333" level="INFO">${response} = None</msg>
<status status="PASS" starttime="20210922 21:08:35.320" endtime="20210922 21:08:35.333"/>
</kw>
<status status="PASS" starttime="20210922 21:08:35.319" endtime="20210922 21:08:35.333"/>
</kw>
<status status="PASS" starttime="20210922 21:08:35.319" endtime="20210922 21:08:35.334"/>
</test>
<status status="PASS" starttime="20210922 21:08:35.157" endtime="20210922 21:08:35.335"/>
</suite>
<statistics>
<total>
<stat pass="3" fail="0" skip="0">All Tests</stat>
</total>
<tag>
</tag>
<suite>
<stat pass="3" fail="0" skip="0" id="s1" name="Get Api">Get Api</stat>
</suite>
</statistics>
<errors>
</errors>
</robot>
